<!DOCTYPE html>
<html>
<head>
    <title>Unittest Results</title>
    <meta charset="utf-8">
    <meta name="viewport" content="width=device-width, initial-scale=1.0">
    <link rel="stylesheet" href="https://maxcdn.bootstrapcdn.com/bootstrap/3.3.6/css/bootstrap.min.css" integrity="sha384-1q8mTJOASx8j1Au+a5WDVnPi2lkFfwwEAa8hDDdjZlpLegxhjVME1fgjWPGmkzs7" crossorigin="anonymous">
</head>
<body>
    <div class="container">
        <div class="row">
            <div class="col-xs-12">
                <h2 class="text-capitalize">Unittest Results</h2>
                <p class='attribute'><strong>Start Time: </strong>2024-03-27 18:23:17</p>
                <p class='attribute'><strong>Duration: </strong>63.19 s</p>
                <p class='attribute'><strong>Summary: </strong>Total: 3, Pass: 2, Error: 1</p>
            </div>
        </div>
        <div class="row">
            <div class="col-xs-12 col-sm-10 col-md-10">
                <table class='table table-hover table-responsive'>
                    <thead>
                        <tr>
                            <th>__main__.Tests</th>
                            <th>Status</th>
                            <th></th>
                        </tr>
                    </thead>
                    <tbody>
                        <tr class='success'>
                            <td class="col-xs-10">test_automatic_hyprlink</td>
                            <td class="col-xs-1">
                                <span class="label label-success" style="display:block;width:40px;">Pass</span>
                            </td>
                            <td class="col-xs-1">
                            </td>
                        </tr>
                        <tr class='success'>
                            <td class="col-xs-10">test_busqueda</td>
                            <td class="col-xs-1">
                                <span class="label label-success" style="display:block;width:40px;">Pass</span>
                            </td>
                            <td class="col-xs-1">
                            </td>
                        </tr>
                        <tr class='warning'>
                            <td class="col-xs-10">test_scroll_down</td>
                            <td class="col-xs-1">
                                <span class="label label-warning" style="display:block;width:40px;">Error</span>
                            </td>
                            <td class="col-xs-1">
                                <button class="btn btn-default btn-xs">View</button>
                            </td>
                        </tr>
                        <tr style="display:none;">
                            <td class="col-xs-9" colspan="3"><p style="color:maroon;">WebDriverException: Message: unknown error: net::ERR_NAME_NOT_RESOLVED
  (Session info: chrome=123.0.6312.59)
Stacktrace:
	GetHandleVerifier [0x00007FF7BA5F70C2+63090]
	(No symbol) [0x00007FF7BA562D12]
	(No symbol) [0x00007FF7BA3FEC65]
	(No symbol) [0x00007FF7BA3FAC1A]
	(No symbol) [0x00007FF7BA3ED514]
	(No symbol) [0x00007FF7BA3EE8F8]
	(No symbol) [0x00007FF7BA3ED7FF]
	(No symbol) [0x00007FF7BA3ED104]
	(No symbol) [0x00007FF7BA3ED021]
	(No symbol) [0x00007FF7BA3EB0A8]
	(No symbol) [0x00007FF7BA3EB8BC]
	(No symbol) [0x00007FF7BA4014AD]
	(No symbol) [0x00007FF7BA483D67]
	(No symbol) [0x00007FF7BA466FDA]
	(No symbol) [0x00007FF7BA483412]
	(No symbol) [0x00007FF7BA466D83]
	(No symbol) [0x00007FF7BA4383A8]
	(No symbol) [0x00007FF7BA439441]
	GetHandleVerifier [0x00007FF7BA9F262D+4238301]
	GetHandleVerifier [0x00007FF7BAA2F78D+4488509]
	GetHandleVerifier [0x00007FF7BAA27A6F+4456479]
	GetHandleVerifier [0x00007FF7BA6D0606+953270]
	(No symbol) [0x00007FF7BA56E5DF]
	(No symbol) [0x00007FF7BA5692B4]
	(No symbol) [0x00007FF7BA5693EB]
	(No symbol) [0x00007FF7BA559C24]
	BaseThreadInitThunk [0x00007FFB78907344+20]
	RtlUserThreadStart [0x00007FFB7A8E26B1+33]
</p><p style="color:maroon;">Traceback (most recent call last):
  File "d:\ESTUDIOS\automation_selenium_with_python\clase31_thmlRunner.py", line 23, in test_scroll_down
    driver.get("https://www.wikipedia.comasfasfwe")
  File "d:\ESTUDIOS\automation_selenium_with_python\env\Lib\site-packages\selenium\webdriver\remote\webdriver.py", line 356, in get
    self.execute(Command.GET, {"url": url})
  File "d:\ESTUDIOS\automation_selenium_with_python\env\Lib\site-packages\selenium\webdriver\remote\webdriver.py", line 347, in execute
    self.error_handler.check_response(response)
  File "d:\ESTUDIOS\automation_selenium_with_python\env\Lib\site-packages\selenium\webdriver\remote\errorhandler.py", line 229, in check_response
    raise exception_class(message, screen, stacktrace)
selenium.common.exceptions.WebDriverException: Message: unknown error: net::ERR_NAME_NOT_RESOLVED
  (Session info: chrome=123.0.6312.59)
Stacktrace:
	GetHandleVerifier [0x00007FF7BA5F70C2+63090]
	(No symbol) [0x00007FF7BA562D12]
	(No symbol) [0x00007FF7BA3FEC65]
	(No symbol) [0x00007FF7BA3FAC1A]
	(No symbol) [0x00007FF7BA3ED514]
	(No symbol) [0x00007FF7BA3EE8F8]
	(No symbol) [0x00007FF7BA3ED7FF]
	(No symbol) [0x00007FF7BA3ED104]
	(No symbol) [0x00007FF7BA3ED021]
	(No symbol) [0x00007FF7BA3EB0A8]
	(No symbol) [0x00007FF7BA3EB8BC]
	(No symbol) [0x00007FF7BA4014AD]
	(No symbol) [0x00007FF7BA483D67]
	(No symbol) [0x00007FF7BA466FDA]
	(No symbol) [0x00007FF7BA483412]
	(No symbol) [0x00007FF7BA466D83]
	(No symbol) [0x00007FF7BA4383A8]
	(No symbol) [0x00007FF7BA439441]
	GetHandleVerifier [0x00007FF7BA9F262D+4238301]
	GetHandleVerifier [0x00007FF7BAA2F78D+4488509]
	GetHandleVerifier [0x00007FF7BAA27A6F+4456479]
	GetHandleVerifier [0x00007FF7BA6D0606+953270]
	(No symbol) [0x00007FF7BA56E5DF]
	(No symbol) [0x00007FF7BA5692B4]
	(No symbol) [0x00007FF7BA5693EB]
	(No symbol) [0x00007FF7BA559C24]
	BaseThreadInitThunk [0x00007FFB78907344+20]
	RtlUserThreadStart [0x00007FFB7A8E26B1+33]

</p>
                            </td>
                        </tr>
                        <tr>
                            <td colspan="3">
                                Total: 3, Pass: 2, Error: 1 -- Duration: 63.19 s
                            </td>
                        </tr>
                    </tbody>
                </table>
            </div>
        </div>
    </div>
    <script src="https://ajax.googleapis.com/ajax/libs/jquery/2.2.4/jquery.min.js"></script>
    <script type="text/javascript">
        $(document).ready(function(){
            $('td').on('click', '.btn', function(e){
                e.preventDefault();
                e.stopImmediatePropagation();
                var $this = $(this);
                var $nextRow = $this.closest('tr').next('tr');
                $nextRow.slideToggle("fast");
                $this.text(function(i, text){
                    if (text === 'View') {
                        return 'Hide';
                    } else {
                        return 'View';
                    };
                });
            });
        });
    </script>
</body>
</html